Using pre-set license
Built from '2020.3/staging' branch; Version is '2020.3.6f1 (338bb68529b2) revision 3378102'; Using compiler version '192528614'; Build Type 'Release'
OS: 'Windows 10 Home Single Language; OS build 19042.1165; Version 2009; 64bit' Language: 'en' Physical Memory: 8076 MB
BatchMode: 1, IsHumanControllingUs: 0, StartBugReporterOnCrash: 0, Is64bit: 1, IsPro: 0

 COMMAND LINE ARGUMENTS:
C:\Program Files\Unity\Hub\Editor\2020.3.0f1\Editor\Unity.exe
-adb2
-batchMode
-noUpm
-name
AssetImportWorker0
-projectPath
D:/MS Word files/School/Job/Little Sim World/LittleSimWorld-Interview
-logFile
Logs/AssetImportWorker0.log
-srvPort
50533
Successfully changed project path to: D:/MS Word files/School/Job/Little Sim World/LittleSimWorld-Interview
D:/MS Word files/School/Job/Little Sim World/LittleSimWorld-Interview
Using Asset Import Pipeline V2.
Refreshing native plugins compatible for Editor in 43.40 ms, found 1 plugins.
Preloading 0 native plugins for Editor in 0.00 ms.
Initialize engine version: 2020.3.6f1 (338bb68529b2)
[Subsystems] Discovering subsystems at path C:/Program Files/Unity/Hub/Editor/2020.3.0f1/Editor/Data/Resources/UnitySubsystems
[Subsystems] Discovering subsystems at path D:/MS Word files/School/Job/Little Sim World/LittleSimWorld-Interview/Assets
GfxDevice: creating device client; threaded=0
Direct3D:
    Version:  Direct3D 11.0 [level 11.1]
    Renderer: NVIDIA GeForce GTX 1050 (ID=0x1c8d)
    Vendor:   
    VRAM:     1979 MB
    Driver:   30.0.14.7141
Initialize mono
Mono path[0] = 'C:/Program Files/Unity/Hub/Editor/2020.3.0f1/Editor/Data/Managed'
Mono path[1] = 'C:/Program Files/Unity/Hub/Editor/2020.3.0f1/Editor/Data/MonoBleedingEdge/lib/mono/unityjit'
Mono config path = 'C:/Program Files/Unity/Hub/Editor/2020.3.0f1/Editor/Data/MonoBleedingEdge/etc'
Using monoOptions --debugger-agent=transport=dt_socket,embedding=1,server=y,suspend=n,address=127.0.0.1:56024
Begin MonoManager ReloadAssembly
Registering precompiled unity dll's ...
Register platform support module: C:/Program Files/Unity/Hub/Editor/2020.3.0f1/Editor/Data/PlaybackEngines/WindowsStandaloneSupport/UnityEditor.WindowsStandalone.Extensions.dll
Registered in 0.002407 seconds.
Native extension for WindowsStandalone target not found
Refreshing native plugins compatible for Editor in 43.03 ms, found 1 plugins.
Preloading 0 native plugins for Editor in 0.00 ms.
Mono: successfully reloaded assembly
- Completed reload, in  1.285 seconds
Platform modules already initialized, skipping
Registering precompiled user dll's ...
Registered in 0.001059 seconds.
Begin MonoManager ReloadAssembly
Native extension for WindowsStandalone target not found
Refreshing native plugins compatible for Editor in 42.44 ms, found 1 plugins.
Preloading 0 native plugins for Editor in 0.00 ms.
Mono: successfully reloaded assembly
- Completed reload, in  1.055 seconds
Platform modules already initialized, skipping
========================================================================
Worker process is ready to serve import requests
Launched and connected shader compiler UnityShaderCompiler.exe after 0.06 seconds
Refreshing native plugins compatible for Editor in 0.43 ms, found 1 plugins.
Preloading 0 native plugins for Editor in 0.00 ms.
Unloading 1823 Unused Serialized files (Serialized files now loaded: 0)
System memory in use before: 87.1 MB.
System memory in use after: 87.0 MB.

Unloading 24 unused Assets to reduce memory usage. Loaded Objects now: 2266.
Total: 2.445000 ms (FindLiveObjects: 0.199900 ms CreateObjectMapping: 0.062100 ms MarkObjects: 1.992000 ms  DeleteObjects: 0.189600 ms)

========================================================================
Received Import Request.
  path: Assets/Sprites/Clothes.png
  artifactKey: Guid(18742be2762958042b8cc818a7118b08) Importer(815301076,1909f56bfc062723c751e8b465ee728b)
Start importing Assets/Sprites/Clothes.png using Guid(18742be2762958042b8cc818a7118b08) Importer(815301076,1909f56bfc062723c751e8b465ee728b)  -> (artifact id: 'df905d630a57d0f60daa4297f3c366c9') in 0.139189 seconds
  Import took 0.142397 seconds .

========================================================================
Received Import Request.
  Time since last request: 0.000401 seconds.
  path: Assets/Sprites/Clothes.psd
  artifactKey: Guid(fe7a1b9dbc527394293c9d16f8ac54dd) Importer(815301076,1909f56bfc062723c751e8b465ee728b)
Start importing Assets/Sprites/Clothes.psd using Guid(fe7a1b9dbc527394293c9d16f8ac54dd) Importer(815301076,1909f56bfc062723c751e8b465ee728b)  -> (artifact id: '4b0be45b19c9c73d61630aabd15b2a40') in 0.021720 seconds
  Import took 0.025177 seconds .

========================================================================
Received Import Request.
  Time since last request: 0.000319 seconds.
  path: Assets/Sprites/Hair.psd
  artifactKey: Guid(bb6819777b4d72e45955aad76818db3d) Importer(815301076,1909f56bfc062723c751e8b465ee728b)
Start importing Assets/Sprites/Hair.psd using Guid(bb6819777b4d72e45955aad76818db3d) Importer(815301076,1909f56bfc062723c751e8b465ee728b)  -> (artifact id: 'b3ff346d592ab1d2ff21d02c7e81c270') in 0.024128 seconds
  Import took 0.029986 seconds .

========================================================================
Received Import Request.
  Time since last request: 0.000329 seconds.
  path: Assets/Sprites/Hair.png
  artifactKey: Guid(11706390d31bb7648a3eb9482b4f5129) Importer(815301076,1909f56bfc062723c751e8b465ee728b)
Start importing Assets/Sprites/Hair.png using Guid(11706390d31bb7648a3eb9482b4f5129) Importer(815301076,1909f56bfc062723c751e8b465ee728b)  -> (artifact id: 'e7f6bd13add97d4b4d30ae85cb0d5c96') in 0.019782 seconds
  Import took 0.024216 seconds .

========================================================================
Received Import Request.
  Time since last request: 110.419235 seconds.
  path: Assets/Sprites/Clothes.png
  artifactKey: Guid(18742be2762958042b8cc818a7118b08) Importer(815301076,1909f56bfc062723c751e8b465ee728b)
Start importing Assets/Sprites/Clothes.png using Guid(18742be2762958042b8cc818a7118b08) Importer(815301076,1909f56bfc062723c751e8b465ee728b)  -> (artifact id: 'e8a3f19d62e58b316cf517d8e8480be5') in 0.031581 seconds
  Import took 0.037695 seconds .

========================================================================
Received Import Request.
  Time since last request: 85.615204 seconds.
  path: Assets/Sprites/Clothes.png
  artifactKey: Guid(18742be2762958042b8cc818a7118b08) Importer(815301076,1909f56bfc062723c751e8b465ee728b)
Start importing Assets/Sprites/Clothes.png using Guid(18742be2762958042b8cc818a7118b08) Importer(815301076,1909f56bfc062723c751e8b465ee728b)  -> (artifact id: '10b3012f7e831a44359f70f86db19988') in 0.196294 seconds
  Import took 0.221220 seconds .

========================================================================
Received Import Request.
  Time since last request: 20.048108 seconds.
  path: Assets/Sprites/Hair.png
  artifactKey: Guid(11706390d31bb7648a3eb9482b4f5129) Importer(815301076,1909f56bfc062723c751e8b465ee728b)
Start importing Assets/Sprites/Hair.png using Guid(11706390d31bb7648a3eb9482b4f5129) Importer(815301076,1909f56bfc062723c751e8b465ee728b)  -> (artifact id: '0d9aa64a6d2e993793ec8d6750f8b06f') in 0.017022 seconds
  Import took 0.021321 seconds .

========================================================================
Received Import Request.
  Time since last request: 18.322182 seconds.
  path: Assets/Sprites/Hair.png
  artifactKey: Guid(11706390d31bb7648a3eb9482b4f5129) Importer(815301076,1909f56bfc062723c751e8b465ee728b)
Start importing Assets/Sprites/Hair.png using Guid(11706390d31bb7648a3eb9482b4f5129) Importer(815301076,1909f56bfc062723c751e8b465ee728b)  -> (artifact id: '796769e52dc48e19b333ad320d4db785') in 0.201885 seconds
  Import took 0.206920 seconds .

========================================================================
Received Prepare
Registering precompiled user dll's ...
Registered in 0.000936 seconds.
Begin MonoManager ReloadAssembly
Native extension for WindowsStandalone target not found
Refreshing native plugins compatible for Editor in 0.68 ms, found 1 plugins.
Preloading 0 native plugins for Editor in 0.00 ms.
Mono: successfully reloaded assembly
- Completed reload, in  1.198 seconds
Platform modules already initialized, skipping
Refreshing native plugins compatible for Editor in 0.51 ms, found 1 plugins.
Preloading 0 native plugins for Editor in 0.00 ms.
Unloading 1805 Unused Serialized files (Serialized files now loaded: 0)
System memory in use before: 88.9 MB.
System memory in use after: 88.9 MB.

Unloading 12 unused Assets to reduce memory usage. Loaded Objects now: 2278.
Total: 3.002600 ms (FindLiveObjects: 0.309000 ms CreateObjectMapping: 0.085600 ms MarkObjects: 2.472100 ms  DeleteObjects: 0.133900 ms)

========================================================================
Received Prepare
Registering precompiled user dll's ...
Registered in 0.000963 seconds.
Begin MonoManager ReloadAssembly
Native extension for WindowsStandalone target not found
Refreshing native plugins compatible for Editor in 0.37 ms, found 1 plugins.
Preloading 0 native plugins for Editor in 0.00 ms.
Mono: successfully reloaded assembly
- Completed reload, in  0.992 seconds
Platform modules already initialized, skipping
Refreshing native plugins compatible for Editor in 0.67 ms, found 1 plugins.
Preloading 0 native plugins for Editor in 0.00 ms.
Unloading 1805 Unused Serialized files (Serialized files now loaded: 0)
System memory in use before: 88.9 MB.
System memory in use after: 88.9 MB.

Unloading 12 unused Assets to reduce memory usage. Loaded Objects now: 2282.
Total: 3.492200 ms (FindLiveObjects: 0.478900 ms CreateObjectMapping: 0.243600 ms MarkObjects: 2.636600 ms  DeleteObjects: 0.131500 ms)

AssetImportWorkerClient::OnTransportError - code=2 error=End of file
